{"/Users/smey/Documents/SABAICODE-BOOTCAMP-5/Beck-end/Basic-NodeJS-Application/express-part-01/src/controllers/product.controller.ts": {"path":"/Users/smey/Documents/SABAICODE-BOOTCAMP-5/Beck-end/Basic-NodeJS-Application/express-part-01/src/controllers/product.controller.ts","statementMap":{"0":{"start":{"line":1,"column":0},"end":{"line":1,"column":null}},"1":{"start":{"line":19,"column":0},"end":{"line":19,"column":57}},"2":{"start":{"line":20,"column":0},"end":{"line":20,"column":60}},"3":{"start":{"line":25,"column":0},"end":{"line":25,"column":59}},"4":{"start":{"line":28,"column":7},"end":{"line":109,"column":null}},"5":{"start":{"line":33,"column":4},"end":{"line":44,"column":5}},"6":{"start":{"line":34,"column":23},"end":{"line":34,"column":67}},"7":{"start":{"line":35,"column":6},"end":{"line":38,"column":8}},"8":{"start":{"line":40,"column":6},"end":{"line":42,"column":8}},"9":{"start":{"line":43,"column":6},"end":{"line":43,"column":18}},"10":{"start":{"line":53,"column":4},"end":{"line":68,"column":5}},"11":{"start":{"line":54,"column":25},"end":{"line":54,"column":72}},"12":{"start":{"line":55,"column":6},"end":{"line":55,"column":26}},"13":{"start":{"line":56,"column":6},"end":{"line":63,"column":8}},"14":{"start":{"line":66,"column":6},"end":{"line":66,"column":56}},"15":{"start":{"line":67,"column":6},"end":{"line":67,"column":37}},"16":{"start":{"line":73,"column":4},"end":{"line":81,"column":5}},"17":{"start":{"line":74,"column":22},"end":{"line":74,"column":61}},"18":{"start":{"line":75,"column":6},"end":{"line":78,"column":8}},"19":{"start":{"line":80,"column":6},"end":{"line":80,"column":18}},"20":{"start":{"line":89,"column":4},"end":{"line":97,"column":5}},"21":{"start":{"line":90,"column":29},"end":{"line":92,"column":null}},"22":{"start":{"line":94,"column":6},"end":{"line":94,"column":58}},"23":{"start":{"line":96,"column":6},"end":{"line":96,"column":18}},"24":{"start":{"line":103,"column":4},"end":{"line":107,"column":5}},"25":{"start":{"line":104,"column":6},"end":{"line":104,"column":45}},"26":{"start":{"line":106,"column":6},"end":{"line":106,"column":18}},"27":{"start":{"line":28,"column":13},"end":{"line":28,"column":30}},"28":{"start":{"line":30,"column":15},"end":{"line":45,"column":null}},"29":{"start":{"line":50,"column":15},"end":{"line":69,"column":null}},"30":{"start":{"line":72,"column":15},"end":{"line":82,"column":null}},"31":{"start":{"line":85,"column":15},"end":{"line":98,"column":null}},"32":{"start":{"line":102,"column":15},"end":{"line":108,"column":null}},"33":{"start":{"line":28,"column":13},"end":{"line":109,"column":null}}},"fnMap":{"0":{"name":"(anonymous_12)","decl":{"start":{"line":30,"column":15},"end":{"line":30,"column":29}},"loc":{"start":{"line":31,"column":44},"end":{"line":45,"column":null}}},"1":{"name":"(anonymous_14)","decl":{"start":{"line":50,"column":15},"end":{"line":50,"column":25}},"loc":{"start":{"line":51,"column":45},"end":{"line":69,"column":null}}},"2":{"name":"(anonymous_16)","decl":{"start":{"line":72,"column":15},"end":{"line":72,"column":26}},"loc":{"start":{"line":72,"column":45},"end":{"line":82,"column":null}}},"3":{"name":"(anonymous_18)","decl":{"start":{"line":85,"column":15},"end":{"line":85,"column":25}},"loc":{"start":{"line":87,"column":45},"end":{"line":98,"column":null}}},"4":{"name":"(anonymous_20)","decl":{"start":{"line":102,"column":15},"end":{"line":102,"column":29}},"loc":{"start":{"line":102,"column":48},"end":{"line":108,"column":null}}}},"branchMap":{},"s":{"0":1,"1":1,"2":1,"3":1,"4":1,"5":1,"6":1,"7":1,"8":0,"9":0,"10":1,"11":1,"12":1,"13":1,"14":0,"15":0,"16":1,"17":1,"18":1,"19":0,"20":1,"21":1,"22":1,"23":0,"24":1,"25":1,"26":0,"27":1,"28":1,"29":1,"30":1,"31":1,"32":1,"33":1},"f":{"0":1,"1":1,"2":1,"3":1,"4":1},"b":{}}
,"/Users/smey/Documents/SABAICODE-BOOTCAMP-5/Beck-end/Basic-NodeJS-Application/express-part-01/src/controllers/uploadImage.controller.ts": {"path":"/Users/smey/Documents/SABAICODE-BOOTCAMP-5/Beck-end/Basic-NodeJS-Application/express-part-01/src/controllers/uploadImage.controller.ts","statementMap":{"0":{"start":{"line":1,"column":0},"end":{"line":1,"column":53}},"1":{"start":{"line":2,"column":0},"end":{"line":2,"column":28}},"2":{"start":{"line":3,"column":0},"end":{"line":3,"column":33}},"3":{"start":{"line":4,"column":0},"end":{"line":4,"column":68}},"4":{"start":{"line":5,"column":0},"end":{"line":5,"column":32}},"5":{"start":{"line":7,"column":20},"end":{"line":7,"column":36}},"6":{"start":{"line":10,"column":11},"end":{"line":16,"column":2}},"7":{"start":{"line":19,"column":19},"end":{"line":35,"column":1}},"8":{"start":{"line":24,"column":27},"end":{"line":24,"column":67}},"9":{"start":{"line":26,"column":2},"end":{"line":34,"column":3}},"10":{"start":{"line":28,"column":4},"end":{"line":28,"column":19}},"11":{"start":{"line":31,"column":4},"end":{"line":33,"column":6}},"12":{"start":{"line":38,"column":15},"end":{"line":53,"column":2}},"13":{"start":{"line":48,"column":6},"end":{"line":48,"column":34}},"14":{"start":{"line":56,"column":0},"end":{"line":67,"column":2}},"15":{"start":{"line":60,"column":4},"end":{"line":60,"column":26}},"16":{"start":{"line":61,"column":4},"end":{"line":63,"column":5}},"17":{"start":{"line":62,"column":6},"end":{"line":62,"column":76}},"18":{"start":{"line":64,"column":22},"end":{"line":64,"column":47}},"19":{"start":{"line":65,"column":4},"end":{"line":65,"column":78}},"20":{"start":{"line":70,"column":0},"end":{"line":76,"column":3}},"21":{"start":{"line":71,"column":20},"end":{"line":71,"column":40}},"22":{"start":{"line":72,"column":19},"end":{"line":72,"column":100}},"23":{"start":{"line":75,"column":2},"end":{"line":75,"column":59}},"24":{"start":{"line":78,"column":0},"end":{"line":98,"column":3}},"25":{"start":{"line":78,"column":64},"end":{"line":98,"column":2}},"26":{"start":{"line":79,"column":2},"end":{"line":97,"column":3}},"27":{"start":{"line":80,"column":20},"end":{"line":83,"column":6}},"28":{"start":{"line":85,"column":21},"end":{"line":85,"column":43}},"29":{"start":{"line":86,"column":19},"end":{"line":86,"column":67}},"30":{"start":{"line":86,"column":52},"end":{"line":86,"column":60}},"31":{"start":{"line":89,"column":22},"end":{"line":91,"column":6}},"32":{"start":{"line":90,"column":6},"end":{"line":90,"column":95}},"33":{"start":{"line":93,"column":4},"end":{"line":93,"column":24}},"34":{"start":{"line":95,"column":4},"end":{"line":95,"column":50}},"35":{"start":{"line":96,"column":4},"end":{"line":96,"column":53}},"36":{"start":{"line":100,"column":0},"end":{"line":100,"column":27}}},"fnMap":{"0":{"name":"(anonymous_8)","decl":{"start":{"line":19,"column":19},"end":{"line":19,"column":null}},"loc":{"start":{"line":23,"column":4},"end":{"line":35,"column":1}}},"1":{"name":"(anonymous_9)","decl":{"start":{"line":42,"column":9},"end":{"line":42,"column":null}},"loc":{"start":{"line":45,"column":44},"end":{"line":49,"column":5}}},"2":{"name":"(anonymous_10)","decl":{"start":{"line":59,"column":2},"end":{"line":59,"column":3}},"loc":{"start":{"line":59,"column":34},"end":{"line":66,"column":3}}},"3":{"name":"(anonymous_11)","decl":{"start":{"line":70,"column":39},"end":{"line":70,"column":40}},"loc":{"start":{"line":70,"column":71},"end":{"line":76,"column":1}}},"4":{"name":"(anonymous_12)","decl":{"start":{"line":78,"column":25},"end":{"line":78,"column":32}},"loc":{"start":{"line":78,"column":64},"end":{"line":98,"column":2}}},"5":{"name":"(anonymous_13)","decl":{"start":{"line":78,"column":64},"end":{"line":78,"column":null}},"loc":{"start":{"line":78,"column":64},"end":{"line":98,"column":1}}},"6":{"name":"(anonymous_14)","decl":{"start":{"line":86,"column":42},"end":{"line":86,"column":43}},"loc":{"start":{"line":86,"column":52},"end":{"line":86,"column":60}}},"7":{"name":"(anonymous_15)","decl":{"start":{"line":89,"column":33},"end":{"line":89,"column":34}},"loc":{"start":{"line":89,"column":47},"end":{"line":91,"column":5}}}},"branchMap":{"0":{"loc":{"start":{"line":26,"column":2},"end":{"line":34,"column":3}},"type":"if","locations":[{"start":{"line":26,"column":2},"end":{"line":34,"column":3}},{"start":{"line":29,"column":9},"end":{"line":34,"column":3}}]},"1":{"loc":{"start":{"line":61,"column":4},"end":{"line":63,"column":5}},"type":"if","locations":[{"start":{"line":61,"column":4},"end":{"line":63,"column":5}}]},"2":{"loc":{"start":{"line":86,"column":19},"end":{"line":86,"column":67}},"type":"binary-expr","locations":[{"start":{"line":86,"column":19},"end":{"line":86,"column":61}},{"start":{"line":86,"column":65},"end":{"line":86,"column":67}}]},"3":{"loc":{"start":{"line":86,"column":19},"end":{"line":86,"column":61}},"type":"cond-expr","locations":[{"start":{"line":86,"column":36},"end":{"line":86,"column":38}},{"start":{"line":86,"column":36},"end":{"line":86,"column":61}}]},"4":{"loc":{"start":{"line":86,"column":19},"end":{"line":86,"column":38}},"type":"binary-expr","locations":[{"start":{"line":86,"column":19},"end":{"line":86,"column":38}},{"start":{"line":86,"column":36},"end":{"line":86,"column":38}}]}},"s":{"0":0,"1":0,"2":0,"3":0,"4":0,"5":0,"6":0,"7":0,"8":0,"9":0,"10":0,"11":0,"12":0,"13":0,"14":0,"15":0,"16":0,"17":0,"18":0,"19":0,"20":0,"21":0,"22":0,"23":0,"24":0,"25":0,"26":0,"27":0,"28":0,"29":0,"30":0,"31":0,"32":0,"33":0,"34":0,"35":0,"36":0},"f":{"0":0,"1":0,"2":0,"3":0,"4":0,"5":0,"6":0,"7":0},"b":{"0":[0,0],"1":[0],"2":[0,0],"3":[0,0],"4":[0,0]}}
,"/Users/smey/Documents/SABAICODE-BOOTCAMP-5/Beck-end/Basic-NodeJS-Application/express-part-01/src/controllers/types/user-response.type.ts": {"path":"/Users/smey/Documents/SABAICODE-BOOTCAMP-5/Beck-end/Basic-NodeJS-Application/express-part-01/src/controllers/types/user-response.type.ts","statementMap":{"0":{"start":{"line":3,"column":0},"end":{"line":3,"column":71}},"1":{"start":{"line":13,"column":4},"end":{"line":18,"column":5}},"2":{"start":{"line":14,"column":25},"end":{"line":14,"column":63}},"3":{"start":{"line":15,"column":6},"end":{"line":15,"column":24}},"4":{"start":{"line":17,"column":6},"end":{"line":17,"column":18}},"5":{"start":{"line":22,"column":4},"end":{"line":31,"column":5}},"6":{"start":{"line":23,"column":22},"end":{"line":23,"column":50}},"7":{"start":{"line":24,"column":6},"end":{"line":26,"column":7}},"8":{"start":{"line":25,"column":8},"end":{"line":25,"column":46}},"9":{"start":{"line":28,"column":6},"end":{"line":28,"column":21}},"10":{"start":{"line":30,"column":6},"end":{"line":30,"column":18}},"11":{"start":{"line":39,"column":4},"end":{"line":53,"column":5}},"12":{"start":{"line":40,"column":29},"end":{"line":43,"column":null}},"13":{"start":{"line":46,"column":6},"end":{"line":48,"column":7}},"14":{"start":{"line":47,"column":8},"end":{"line":47,"column":46}},"15":{"start":{"line":50,"column":6},"end":{"line":50,"column":28}},"16":{"start":{"line":52,"column":6},"end":{"line":52,"column":18}},"17":{"start":{"line":58,"column":0},"end":{"line":58,"column":39}}},"fnMap":{"0":{"name":"(anonymous_8)","decl":{"start":{"line":10,"column":15},"end":{"line":10,"column":28}},"loc":{"start":{"line":11,"column":40},"end":{"line":19,"column":null}}},"1":{"name":"(anonymous_10)","decl":{"start":{"line":21,"column":15},"end":{"line":21,"column":29}},"loc":{"start":{"line":21,"column":40},"end":{"line":32,"column":null}}},"2":{"name":"(anonymous_12)","decl":{"start":{"line":35,"column":15},"end":{"line":35,"column":28}},"loc":{"start":{"line":37,"column":40},"end":{"line":54,"column":null}}}},"branchMap":{"0":{"loc":{"start":{"line":24,"column":6},"end":{"line":26,"column":7}},"type":"if","locations":[{"start":{"line":24,"column":6},"end":{"line":26,"column":7}}]},"1":{"loc":{"start":{"line":46,"column":6},"end":{"line":48,"column":7}},"type":"if","locations":[{"start":{"line":46,"column":6},"end":{"line":48,"column":7}}]}},"s":{"0":0,"1":0,"2":0,"3":0,"4":0,"5":0,"6":0,"7":0,"8":0,"9":0,"10":0,"11":0,"12":0,"13":0,"14":0,"15":0,"16":0,"17":0},"f":{"0":0,"1":0,"2":0},"b":{"0":[0],"1":[0]}}
,"/Users/smey/Documents/SABAICODE-BOOTCAMP-5/Beck-end/Basic-NodeJS-Application/express-part-01/src/database/connection.ts": {"path":"/Users/smey/Documents/SABAICODE-BOOTCAMP-5/Beck-end/Basic-NodeJS-Application/express-part-01/src/database/connection.ts","statementMap":{"0":{"start":{"line":2,"column":0},"end":{"line":2,"column":32}},"1":{"start":{"line":3,"column":0},"end":{"line":3,"column":32}},"2":{"start":{"line":6,"column":2},"end":{"line":13,"column":3}},"3":{"start":{"line":7,"column":4},"end":{"line":7,"column":47}},"4":{"start":{"line":8,"column":4},"end":{"line":8,"column":43}},"5":{"start":{"line":9,"column":4},"end":{"line":9,"column":43}},"6":{"start":{"line":11,"column":4},"end":{"line":11,"column":62}},"7":{"start":{"line":12,"column":4},"end":{"line":12,"column":16}},"8":{"start":{"line":16,"column":0},"end":{"line":16,"column":32}}},"fnMap":{"0":{"name":"connectToMongoDB","decl":{"start":{"line":5,"column":15},"end":{"line":5,"column":31}},"loc":{"start":{"line":5,"column":31},"end":{"line":14,"column":null}}}},"branchMap":{},"s":{"0":0,"1":0,"2":0,"3":0,"4":0,"5":0,"6":0,"7":0,"8":0},"f":{"0":0},"b":{}}
,"/Users/smey/Documents/SABAICODE-BOOTCAMP-5/Beck-end/Basic-NodeJS-Application/express-part-01/src/database/models/product.model.ts": {"path":"/Users/smey/Documents/SABAICODE-BOOTCAMP-5/Beck-end/Basic-NodeJS-Application/express-part-01/src/database/models/product.model.ts","statementMap":{"0":{"start":{"line":1,"column":0},"end":{"line":1,"column":48}},"1":{"start":{"line":13,"column":19},"end":{"line":22,"column":null}},"2":{"start":{"line":26,"column":18},"end":{"line":26,"column":54}},"3":{"start":{"line":28,"column":0},"end":{"line":28,"column":25}}},"fnMap":{},"branchMap":{},"s":{"0":3,"1":3,"2":3,"3":3},"f":{},"b":{}}
,"/Users/smey/Documents/SABAICODE-BOOTCAMP-5/Beck-end/Basic-NodeJS-Application/express-part-01/src/database/repositories/product.repository.ts": {"path":"/Users/smey/Documents/SABAICODE-BOOTCAMP-5/Beck-end/Basic-NodeJS-Application/express-part-01/src/database/repositories/product.repository.ts","statementMap":{"0":{"start":{"line":2,"column":0},"end":{"line":2,"column":71}},"1":{"start":{"line":25,"column":8},"end":{"line":25,"column":15}},"2":{"start":{"line":27,"column":23},"end":{"line":31,"column":56}},"3":{"start":{"line":28,"column":24},"end":{"line":28,"column":60}},"4":{"start":{"line":29,"column":6},"end":{"line":29,"column":73}},"5":{"start":{"line":30,"column":6},"end":{"line":30,"column":17}},"6":{"start":{"line":33,"column":24},"end":{"line":53,"column":5}},"7":{"start":{"line":34,"column":47},"end":{"line":34,"column":49}},"8":{"start":{"line":35,"column":6},"end":{"line":51,"column":7}},"9":{"start":{"line":36,"column":8},"end":{"line":50,"column":9}},"10":{"start":{"line":37,"column":10},"end":{"line":47,"column":11}},"11":{"start":{"line":38,"column":12},"end":{"line":38,"column":34}},"12":{"start":{"line":39,"column":12},"end":{"line":41,"column":13}},"13":{"start":{"line":40,"column":14},"end":{"line":40,"column":54}},"14":{"start":{"line":42,"column":12},"end":{"line":44,"column":13}},"15":{"start":{"line":43,"column":14},"end":{"line":43,"column":54}},"16":{"start":{"line":46,"column":12},"end":{"line":46,"column":43}},"17":{"start":{"line":49,"column":10},"end":{"line":49,"column":41}},"18":{"start":{"line":52,"column":6},"end":{"line":52,"column":25}},"19":{"start":{"line":55,"column":4},"end":{"line":75,"column":5}},"20":{"start":{"line":56,"column":26},"end":{"line":56,"column":45}},"21":{"start":{"line":57,"column":23},"end":{"line":60,"column":21}},"22":{"start":{"line":62,"column":25},"end":{"line":62,"column":68}},"23":{"start":{"line":64,"column":6},"end":{"line":69,"column":8}},"24":{"start":{"line":71,"column":6},"end":{"line":73,"column":8}},"25":{"start":{"line":74,"column":6},"end":{"line":74,"column":18}},"26":{"start":{"line":81,"column":4},"end":{"line":86,"column":5}},"27":{"start":{"line":82,"column":25},"end":{"line":82,"column":63}},"28":{"start":{"line":83,"column":6},"end":{"line":83,"column":24}},"29":{"start":{"line":85,"column":6},"end":{"line":85,"column":18}},"30":{"start":{"line":90,"column":4},"end":{"line":99,"column":5}},"31":{"start":{"line":91,"column":22},"end":{"line":91,"column":50}},"32":{"start":{"line":92,"column":6},"end":{"line":94,"column":7}},"33":{"start":{"line":93,"column":8},"end":{"line":93,"column":46}},"34":{"start":{"line":96,"column":6},"end":{"line":96,"column":21}},"35":{"start":{"line":98,"column":6},"end":{"line":98,"column":18}},"36":{"start":{"line":106,"column":4},"end":{"line":120,"column":5}},"37":{"start":{"line":107,"column":29},"end":{"line":110,"column":null}},"38":{"start":{"line":113,"column":6},"end":{"line":115,"column":7}},"39":{"start":{"line":114,"column":8},"end":{"line":114,"column":46}},"40":{"start":{"line":117,"column":6},"end":{"line":117,"column":28}},"41":{"start":{"line":119,"column":6},"end":{"line":119,"column":18}},"42":{"start":{"line":124,"column":4},"end":{"line":132,"column":5}},"43":{"start":{"line":125,"column":28},"end":{"line":125,"column":65}},"44":{"start":{"line":127,"column":6},"end":{"line":129,"column":7}},"45":{"start":{"line":128,"column":8},"end":{"line":128,"column":46}},"46":{"start":{"line":131,"column":6},"end":{"line":131,"column":18}},"47":{"start":{"line":136,"column":0},"end":{"line":136,"column":39}}},"fnMap":{"0":{"name":"(anonymous_8)","decl":{"start":{"line":14,"column":15},"end":{"line":14,"column":29}},"loc":{"start":{"line":14,"column":62},"end":{"line":76,"column":null}}},"1":{"name":"(anonymous_10)","decl":{"start":{"line":27,"column":48},"end":{"line":27,"column":49}},"loc":{"start":{"line":27,"column":61},"end":{"line":31,"column":5}}},"2":{"name":"(anonymous_11)","decl":{"start":{"line":33,"column":24},"end":{"line":33,"column":25}},"loc":{"start":{"line":33,"column":56},"end":{"line":53,"column":5}}},"3":{"name":"(anonymous_12)","decl":{"start":{"line":78,"column":15},"end":{"line":78,"column":28}},"loc":{"start":{"line":79,"column":40},"end":{"line":87,"column":null}}},"4":{"name":"(anonymous_14)","decl":{"start":{"line":89,"column":15},"end":{"line":89,"column":29}},"loc":{"start":{"line":89,"column":40},"end":{"line":100,"column":null}}},"5":{"name":"(anonymous_16)","decl":{"start":{"line":102,"column":15},"end":{"line":102,"column":28}},"loc":{"start":{"line":104,"column":40},"end":{"line":121,"column":null}}},"6":{"name":"(anonymous_18)","decl":{"start":{"line":123,"column":15},"end":{"line":123,"column":28}},"loc":{"start":{"line":123,"column":39},"end":{"line":133,"column":null}}}},"branchMap":{"0":{"loc":{"start":{"line":21,"column":6},"end":{"line":21,"column":14}},"type":"default-arg","locations":[{"start":{"line":21,"column":13},"end":{"line":21,"column":14}}]},"1":{"loc":{"start":{"line":22,"column":6},"end":{"line":22,"column":16}},"type":"default-arg","locations":[{"start":{"line":22,"column":14},"end":{"line":22,"column":16}}]},"2":{"loc":{"start":{"line":23,"column":6},"end":{"line":23,"column":17}},"type":"default-arg","locations":[{"start":{"line":23,"column":15},"end":{"line":23,"column":17}}]},"3":{"loc":{"start":{"line":24,"column":6},"end":{"line":24,"column":28}},"type":"default-arg","locations":[{"start":{"line":24,"column":13},"end":{"line":24,"column":28}}]},"4":{"loc":{"start":{"line":29,"column":44},"end":{"line":29,"column":72}},"type":"cond-expr","locations":[{"start":{"line":29,"column":66},"end":{"line":29,"column":67}},{"start":{"line":29,"column":70},"end":{"line":29,"column":72}}]},"5":{"loc":{"start":{"line":36,"column":8},"end":{"line":50,"column":9}},"type":"if","locations":[{"start":{"line":36,"column":8},"end":{"line":50,"column":9}},{"start":{"line":48,"column":15},"end":{"line":50,"column":9}}]},"6":{"loc":{"start":{"line":36,"column":12},"end":{"line":36,"column":67}},"type":"binary-expr","locations":[{"start":{"line":36,"column":12},"end":{"line":36,"column":43}},{"start":{"line":36,"column":47},"end":{"line":36,"column":67}}]},"7":{"loc":{"start":{"line":37,"column":10},"end":{"line":47,"column":11}},"type":"if","locations":[{"start":{"line":37,"column":10},"end":{"line":47,"column":11}},{"start":{"line":45,"column":17},"end":{"line":47,"column":11}}]},"8":{"loc":{"start":{"line":37,"column":14},"end":{"line":37,"column":48}},"type":"binary-expr","locations":[{"start":{"line":37,"column":14},"end":{"line":37,"column":29}},{"start":{"line":37,"column":33},"end":{"line":37,"column":48}}]},"9":{"loc":{"start":{"line":39,"column":12},"end":{"line":41,"column":13}},"type":"if","locations":[{"start":{"line":39,"column":12},"end":{"line":41,"column":13}}]},"10":{"loc":{"start":{"line":42,"column":12},"end":{"line":44,"column":13}},"type":"if","locations":[{"start":{"line":42,"column":12},"end":{"line":44,"column":13}}]},"11":{"loc":{"start":{"line":92,"column":6},"end":{"line":94,"column":7}},"type":"if","locations":[{"start":{"line":92,"column":6},"end":{"line":94,"column":7}}]},"12":{"loc":{"start":{"line":113,"column":6},"end":{"line":115,"column":7}},"type":"if","locations":[{"start":{"line":113,"column":6},"end":{"line":115,"column":7}}]},"13":{"loc":{"start":{"line":127,"column":6},"end":{"line":129,"column":7}},"type":"if","locations":[{"start":{"line":127,"column":6},"end":{"line":129,"column":7}}]}},"s":{"0":3,"1":3,"2":3,"3":3,"4":3,"5":3,"6":3,"7":3,"8":3,"9":1,"10":0,"11":0,"12":0,"13":0,"14":0,"15":0,"16":0,"17":1,"18":3,"19":3,"20":3,"21":3,"22":3,"23":3,"24":0,"25":0,"26":3,"27":3,"28":3,"29":0,"30":5,"31":5,"32":5,"33":2,"34":3,"35":2,"36":5,"37":5,"38":5,"39":2,"40":3,"41":2,"42":5,"43":5,"44":5,"45":2,"46":2,"47":3},"f":{"0":3,"1":3,"2":3,"3":3,"4":5,"5":5,"6":5},"b":{"0":[0],"1":[0],"2":[1],"3":[1],"4":[1,2],"5":[0,1],"6":[1,0],"7":[0,0],"8":[0,0],"9":[0],"10":[0],"11":[2],"12":[2],"13":[2]}}
,"/Users/smey/Documents/SABAICODE-BOOTCAMP-5/Beck-end/Basic-NodeJS-Application/express-part-01/src/database/scripts/insert-data.ts": {"path":"/Users/smey/Documents/SABAICODE-BOOTCAMP-5/Beck-end/Basic-NodeJS-Application/express-part-01/src/database/scripts/insert-data.ts","statementMap":{"0":{"start":{"line":1,"column":0},"end":{"line":1,"column":32}},"1":{"start":{"line":2,"column":0},"end":{"line":2,"column":45}},"2":{"start":{"line":3,"column":0},"end":{"line":3,"column":48}},"3":{"start":{"line":5,"column":19},"end":{"line":25,"column":2}},"4":{"start":{"line":5,"column":30},"end":{"line":25,"column":2}},"5":{"start":{"line":6,"column":2},"end":{"line":24,"column":3}},"6":{"start":{"line":7,"column":4},"end":{"line":7,"column":29}},"7":{"start":{"line":9,"column":17},"end":{"line":16,"column":6}},"8":{"start":{"line":18,"column":4},"end":{"line":18,"column":37}},"9":{"start":{"line":19,"column":4},"end":{"line":19,"column":46}},"10":{"start":{"line":21,"column":4},"end":{"line":21,"column":49}},"11":{"start":{"line":23,"column":4},"end":{"line":23,"column":26}},"12":{"start":{"line":27,"column":0},"end":{"line":27,"column":13}}},"fnMap":{"0":{"name":"(anonymous_8)","decl":{"start":{"line":5,"column":19},"end":{"line":5,"column":28}},"loc":{"start":{"line":5,"column":30},"end":{"line":25,"column":2}}},"1":{"name":"(anonymous_9)","decl":{"start":{"line":5,"column":30},"end":{"line":5,"column":null}},"loc":{"start":{"line":5,"column":30},"end":{"line":25,"column":1}}}},"branchMap":{},"s":{"0":0,"1":0,"2":0,"3":0,"4":0,"5":0,"6":0,"7":0,"8":0,"9":0,"10":0,"11":0,"12":0},"f":{"0":0,"1":0},"b":{}}
,"/Users/smey/Documents/SABAICODE-BOOTCAMP-5/Beck-end/Basic-NodeJS-Application/express-part-01/src/services/product.service.ts": {"path":"/Users/smey/Documents/SABAICODE-BOOTCAMP-5/Beck-end/Basic-NodeJS-Application/express-part-01/src/services/product.service.ts","statementMap":{"0":{"start":{"line":7,"column":0},"end":{"line":7,"column":75}},"1":{"start":{"line":11,"column":4},"end":{"line":27,"column":5}},"2":{"start":{"line":12,"column":44},"end":{"line":12,"column":51}},"3":{"start":{"line":14,"column":25},"end":{"line":19,"column":8}},"4":{"start":{"line":21,"column":21},"end":{"line":21,"column":71}},"5":{"start":{"line":23,"column":6},"end":{"line":23,"column":20}},"6":{"start":{"line":25,"column":6},"end":{"line":25,"column":80}},"7":{"start":{"line":26,"column":6},"end":{"line":26,"column":18}},"8":{"start":{"line":33,"column":4},"end":{"line":38,"column":5}},"9":{"start":{"line":34,"column":25},"end":{"line":34,"column":78}},"10":{"start":{"line":35,"column":6},"end":{"line":35,"column":24}},"11":{"start":{"line":37,"column":6},"end":{"line":37,"column":18}},"12":{"start":{"line":42,"column":4},"end":{"line":47,"column":5}},"13":{"start":{"line":43,"column":22},"end":{"line":43,"column":64}},"14":{"start":{"line":44,"column":6},"end":{"line":44,"column":21}},"15":{"start":{"line":46,"column":6},"end":{"line":46,"column":18}},"16":{"start":{"line":54,"column":4},"end":{"line":62,"column":5}},"17":{"start":{"line":55,"column":29},"end":{"line":57,"column":null}},"18":{"start":{"line":59,"column":6},"end":{"line":59,"column":28}},"19":{"start":{"line":61,"column":6},"end":{"line":61,"column":18}},"20":{"start":{"line":66,"column":4},"end":{"line":70,"column":5}},"21":{"start":{"line":67,"column":6},"end":{"line":67,"column":48}},"22":{"start":{"line":69,"column":6},"end":{"line":69,"column":18}},"23":{"start":{"line":9,"column":0},"end":{"line":9,"column":13}},"24":{"start":{"line":74,"column":0},"end":{"line":74,"column":36}}},"fnMap":{"0":{"name":"(anonymous_8)","decl":{"start":{"line":10,"column":8},"end":{"line":10,"column":22}},"loc":{"start":{"line":10,"column":52},"end":{"line":28,"column":null}}},"1":{"name":"(anonymous_10)","decl":{"start":{"line":30,"column":15},"end":{"line":30,"column":28}},"loc":{"start":{"line":31,"column":40},"end":{"line":39,"column":null}}},"2":{"name":"(anonymous_12)","decl":{"start":{"line":41,"column":15},"end":{"line":41,"column":29}},"loc":{"start":{"line":41,"column":40},"end":{"line":48,"column":null}}},"3":{"name":"(anonymous_14)","decl":{"start":{"line":50,"column":15},"end":{"line":50,"column":28}},"loc":{"start":{"line":52,"column":40},"end":{"line":63,"column":null}}},"4":{"name":"(anonymous_16)","decl":{"start":{"line":65,"column":15},"end":{"line":65,"column":28}},"loc":{"start":{"line":65,"column":39},"end":{"line":71,"column":null}}}},"branchMap":{"0":{"loc":{"start":{"line":17,"column":16},"end":{"line":17,"column":55}},"type":"cond-expr","locations":[{"start":{"line":17,"column":25},"end":{"line":17,"column":43}},{"start":{"line":17,"column":46},"end":{"line":17,"column":55}}]},"1":{"loc":{"start":{"line":18,"column":14},"end":{"line":18,"column":49}},"type":"cond-expr","locations":[{"start":{"line":18,"column":21},"end":{"line":18,"column":37}},{"start":{"line":18,"column":40},"end":{"line":18,"column":49}}]}},"s":{"0":1,"1":1,"2":1,"3":1,"4":1,"5":1,"6":0,"7":0,"8":1,"9":1,"10":1,"11":0,"12":1,"13":1,"14":1,"15":0,"16":1,"17":1,"18":1,"19":0,"20":1,"21":1,"22":0,"23":1,"24":1},"f":{"0":1,"1":1,"2":1,"3":1,"4":1},"b":{"0":[0,1],"1":[0,1]}}
,"/Users/smey/Documents/SABAICODE-BOOTCAMP-5/Beck-end/Basic-NodeJS-Application/express-part-01/src/services/types/multer-s3.d.ts": {"path":"/Users/smey/Documents/SABAICODE-BOOTCAMP-5/Beck-end/Basic-NodeJS-Application/express-part-01/src/services/types/multer-s3.d.ts","statementMap":{},"fnMap":{},"branchMap":{},"s":{},"f":{},"b":{}}
}
