TN:
SF:src/controllers/product.controller.ts
FN:31,(anonymous_12)
FN:51,(anonymous_14)
FN:71,(anonymous_16)
FN:85,(anonymous_18)
FN:103,(anonymous_20)
FNF:5
FNH:0
FNDA:0,(anonymous_12)
FNDA:0,(anonymous_14)
FNDA:0,(anonymous_16)
FNDA:0,(anonymous_18)
FNDA:0,(anonymous_20)
DA:2,0
DA:20,0
DA:21,0
DA:22,0
DA:29,0
DA:31,0
DA:34,0
DA:35,0
DA:36,0
DA:41,0
DA:44,0
DA:51,0
DA:54,0
DA:55,0
DA:57,0
DA:66,0
DA:71,0
DA:72,0
DA:73,0
DA:75,0
DA:80,0
DA:85,0
DA:89,0
DA:90,0
DA:95,0
DA:97,0
DA:103,0
DA:104,0
DA:105,0
DA:107,0
LF:30
LH:0
BRF:0
BRH:0
end_of_record
TN:
SF:src/controllers/uploadImage.controller.ts
FN:19,(anonymous_8)
FN:42,(anonymous_9)
FN:59,(anonymous_10)
FN:70,(anonymous_11)
FN:78,(anonymous_12)
FN:78,(anonymous_13)
FN:86,(anonymous_14)
FN:89,(anonymous_15)
FNF:8
FNH:0
FNDA:0,(anonymous_8)
FNDA:0,(anonymous_9)
FNDA:0,(anonymous_10)
FNDA:0,(anonymous_11)
FNDA:0,(anonymous_12)
FNDA:0,(anonymous_13)
FNDA:0,(anonymous_14)
FNDA:0,(anonymous_15)
DA:1,0
DA:2,0
DA:3,0
DA:4,0
DA:5,0
DA:7,0
DA:10,0
DA:19,0
DA:24,0
DA:26,0
DA:28,0
DA:31,0
DA:38,0
DA:48,0
DA:56,0
DA:60,0
DA:61,0
DA:62,0
DA:64,0
DA:65,0
DA:70,0
DA:71,0
DA:72,0
DA:75,0
DA:78,0
DA:79,0
DA:80,0
DA:85,0
DA:86,0
DA:89,0
DA:90,0
DA:93,0
DA:95,0
DA:96,0
DA:100,0
LF:35
LH:0
BRDA:26,0,0,0
BRDA:26,0,1,0
BRDA:61,1,0,0
BRDA:86,2,0,0
BRDA:86,2,1,0
BRDA:86,3,0,0
BRDA:86,3,1,0
BRDA:86,4,0,0
BRDA:86,4,1,0
BRF:9
BRH:0
end_of_record
TN:
SF:src/controllers/types/user-response.type.ts
FN:9,(anonymous_8)
FN:20,(anonymous_10)
FN:34,(anonymous_12)
FNF:3
FNH:0
FNDA:0,(anonymous_8)
FNDA:0,(anonymous_10)
FNDA:0,(anonymous_12)
DA:2,0
DA:12,0
DA:13,0
DA:14,0
DA:16,0
DA:21,0
DA:22,0
DA:23,0
DA:24,0
DA:27,0
DA:29,0
DA:38,0
DA:39,0
DA:45,0
DA:46,0
DA:49,0
DA:51,0
DA:57,0
LF:18
LH:0
BRDA:23,0,0,0
BRDA:45,1,0,0
BRF:2
BRH:0
end_of_record
TN:
SF:src/database/connection.ts
FN:5,connectToMongoDB
FNF:1
FNH:0
FNDA:0,connectToMongoDB
DA:2,0
DA:3,0
DA:6,0
DA:7,0
DA:8,0
DA:9,0
DA:11,0
DA:12,0
DA:16,0
LF:9
LH:0
BRF:0
BRH:0
end_of_record
TN:
SF:src/database/models/product.model.ts
FNF:0
FNH:0
DA:1,1
DA:12,1
DA:25,1
DA:27,1
LF:4
LH:4
BRF:0
BRH:0
end_of_record
TN:
SF:src/database/repositories/product.repository.ts
FN:14,(anonymous_8)
FN:27,(anonymous_10)
FN:33,(anonymous_11)
FN:78,(anonymous_12)
FN:89,(anonymous_14)
FN:102,(anonymous_16)
FN:123,(anonymous_18)
FNF:7
FNH:7
FNDA:1,(anonymous_8)
FNDA:1,(anonymous_10)
FNDA:1,(anonymous_11)
FNDA:1,(anonymous_12)
FNDA:2,(anonymous_14)
FNDA:2,(anonymous_16)
FNDA:2,(anonymous_18)
DA:2,1
DA:25,1
DA:27,1
DA:28,1
DA:29,1
DA:30,1
DA:33,1
DA:34,1
DA:35,1
DA:36,0
DA:37,0
DA:38,0
DA:39,0
DA:40,0
DA:42,0
DA:43,0
DA:46,0
DA:49,0
DA:52,1
DA:55,1
DA:56,1
DA:57,1
DA:62,1
DA:64,1
DA:71,0
DA:74,0
DA:81,1
DA:82,1
DA:83,1
DA:85,0
DA:90,2
DA:91,2
DA:92,2
DA:93,1
DA:96,1
DA:98,1
DA:106,2
DA:107,2
DA:113,2
DA:114,1
DA:117,1
DA:119,1
DA:124,2
DA:125,2
DA:127,2
DA:128,1
DA:131,1
DA:136,1
LF:48
LH:36
BRDA:21,0,0,0
BRDA:22,1,0,0
BRDA:23,2,0,0
BRDA:24,3,0,0
BRDA:29,4,0,0
BRDA:29,4,1,1
BRDA:36,5,0,0
BRDA:36,5,1,0
BRDA:36,6,0,0
BRDA:36,6,1,0
BRDA:37,7,0,0
BRDA:37,7,1,0
BRDA:37,8,0,0
BRDA:37,8,1,0
BRDA:39,9,0,0
BRDA:42,10,0,0
BRDA:92,11,0,1
BRDA:113,12,0,1
BRDA:127,13,0,1
BRF:19
BRH:4
end_of_record
TN:
SF:src/database/scripts/insert-data.ts
FN:5,(anonymous_8)
FN:5,(anonymous_9)
FNF:2
FNH:0
FNDA:0,(anonymous_8)
FNDA:0,(anonymous_9)
DA:1,0
DA:2,0
DA:3,0
DA:5,0
DA:6,0
DA:7,0
DA:9,0
DA:18,0
DA:19,0
DA:21,0
DA:23,0
DA:27,0
LF:12
LH:0
BRF:0
BRH:0
end_of_record
TN:
SF:src/services/product.service.ts
FN:10,(anonymous_8)
FN:30,(anonymous_10)
FN:41,(anonymous_12)
FN:50,(anonymous_14)
FN:65,(anonymous_16)
FNF:5
FNH:0
FNDA:0,(anonymous_8)
FNDA:0,(anonymous_10)
FNDA:0,(anonymous_12)
FNDA:0,(anonymous_14)
FNDA:0,(anonymous_16)
DA:7,0
DA:9,0
DA:11,0
DA:12,0
DA:14,0
DA:21,0
DA:23,0
DA:25,0
DA:26,0
DA:33,0
DA:34,0
DA:35,0
DA:37,0
DA:42,0
DA:43,0
DA:44,0
DA:46,0
DA:54,0
DA:55,0
DA:59,0
DA:61,0
DA:66,0
DA:67,0
DA:69,0
DA:74,0
LF:25
LH:0
BRDA:17,0,0,0
BRDA:17,0,1,0
BRDA:18,1,0,0
BRDA:18,1,1,0
BRF:4
BRH:0
end_of_record
TN:
SF:src/services/types/multer-s3.d.ts
FNF:0
FNH:0
LF:0
LH:0
BRF:0
BRH:0
end_of_record
