TN:
SF:src/controllers/product.controller.ts
FN:30,(anonymous_12)
FN:50,(anonymous_14)
FN:72,(anonymous_16)
FN:85,(anonymous_18)
FN:102,(anonymous_20)
FNF:5
FNH:5
FNDA:1,(anonymous_12)
FNDA:1,(anonymous_14)
FNDA:1,(anonymous_16)
FNDA:1,(anonymous_18)
FNDA:1,(anonymous_20)
DA:1,1
DA:19,1
DA:20,1
DA:25,1
DA:28,1
DA:30,1
DA:33,1
DA:34,1
DA:35,1
DA:40,0
DA:43,0
DA:50,1
DA:53,1
DA:54,1
DA:55,1
DA:56,1
DA:66,0
DA:67,0
DA:72,1
DA:73,1
DA:74,1
DA:75,1
DA:80,0
DA:85,1
DA:89,1
DA:90,1
DA:94,1
DA:96,0
DA:102,1
DA:103,1
DA:104,1
DA:106,0
LF:32
LH:25
BRF:0
BRH:0
end_of_record
TN:
SF:src/controllers/uploadImage.controller.ts
FN:19,(anonymous_8)
FN:42,(anonymous_9)
FN:59,(anonymous_10)
FN:70,(anonymous_11)
FN:78,(anonymous_12)
FN:78,(anonymous_13)
FN:86,(anonymous_14)
FN:89,(anonymous_15)
FNF:8
FNH:0
FNDA:0,(anonymous_8)
FNDA:0,(anonymous_9)
FNDA:0,(anonymous_10)
FNDA:0,(anonymous_11)
FNDA:0,(anonymous_12)
FNDA:0,(anonymous_13)
FNDA:0,(anonymous_14)
FNDA:0,(anonymous_15)
DA:1,0
DA:2,0
DA:3,0
DA:4,0
DA:5,0
DA:7,0
DA:10,0
DA:19,0
DA:24,0
DA:26,0
DA:28,0
DA:31,0
DA:38,0
DA:48,0
DA:56,0
DA:60,0
DA:61,0
DA:62,0
DA:64,0
DA:65,0
DA:70,0
DA:71,0
DA:72,0
DA:75,0
DA:78,0
DA:79,0
DA:80,0
DA:85,0
DA:86,0
DA:89,0
DA:90,0
DA:93,0
DA:95,0
DA:96,0
DA:100,0
LF:35
LH:0
BRDA:26,0,0,0
BRDA:26,0,1,0
BRDA:61,1,0,0
BRDA:86,2,0,0
BRDA:86,2,1,0
BRDA:86,3,0,0
BRDA:86,3,1,0
BRDA:86,4,0,0
BRDA:86,4,1,0
BRF:9
BRH:0
end_of_record
TN:
SF:src/controllers/types/user-response.type.ts
FN:10,(anonymous_8)
FN:21,(anonymous_10)
FN:35,(anonymous_12)
FNF:3
FNH:0
FNDA:0,(anonymous_8)
FNDA:0,(anonymous_10)
FNDA:0,(anonymous_12)
DA:3,0
DA:13,0
DA:14,0
DA:15,0
DA:17,0
DA:22,0
DA:23,0
DA:24,0
DA:25,0
DA:28,0
DA:30,0
DA:39,0
DA:40,0
DA:46,0
DA:47,0
DA:50,0
DA:52,0
DA:58,0
LF:18
LH:0
BRDA:24,0,0,0
BRDA:46,1,0,0
BRF:2
BRH:0
end_of_record
TN:
SF:src/database/connection.ts
FN:5,connectToMongoDB
FNF:1
FNH:0
FNDA:0,connectToMongoDB
DA:2,0
DA:3,0
DA:6,0
DA:7,0
DA:8,0
DA:9,0
DA:11,0
DA:12,0
DA:16,0
LF:9
LH:0
BRF:0
BRH:0
end_of_record
TN:
SF:src/database/models/product.model.ts
FNF:0
FNH:0
DA:1,3
DA:13,3
DA:26,3
DA:28,3
LF:4
LH:4
BRF:0
BRH:0
end_of_record
TN:
SF:src/database/repositories/product.repository.ts
FN:14,(anonymous_8)
FN:27,(anonymous_10)
FN:33,(anonymous_11)
FN:78,(anonymous_12)
FN:89,(anonymous_14)
FN:102,(anonymous_16)
FN:123,(anonymous_18)
FNF:7
FNH:7
FNDA:3,(anonymous_8)
FNDA:3,(anonymous_10)
FNDA:3,(anonymous_11)
FNDA:3,(anonymous_12)
FNDA:5,(anonymous_14)
FNDA:5,(anonymous_16)
FNDA:5,(anonymous_18)
DA:2,3
DA:25,3
DA:27,3
DA:28,3
DA:29,3
DA:30,3
DA:33,3
DA:34,3
DA:35,3
DA:36,1
DA:37,0
DA:38,0
DA:39,0
DA:40,0
DA:42,0
DA:43,0
DA:46,0
DA:49,1
DA:52,3
DA:55,3
DA:56,3
DA:57,3
DA:62,3
DA:64,3
DA:71,0
DA:74,0
DA:81,3
DA:82,3
DA:83,3
DA:85,0
DA:90,5
DA:91,5
DA:92,5
DA:93,2
DA:96,3
DA:98,2
DA:106,5
DA:107,5
DA:113,5
DA:114,2
DA:117,3
DA:119,2
DA:124,5
DA:125,5
DA:127,5
DA:128,2
DA:131,2
DA:136,3
LF:48
LH:38
BRDA:21,0,0,0
BRDA:22,1,0,0
BRDA:23,2,0,1
BRDA:24,3,0,1
BRDA:29,4,0,1
BRDA:29,4,1,2
BRDA:36,5,0,0
BRDA:36,5,1,1
BRDA:36,6,0,1
BRDA:36,6,1,0
BRDA:37,7,0,0
BRDA:37,7,1,0
BRDA:37,8,0,0
BRDA:37,8,1,0
BRDA:39,9,0,0
BRDA:42,10,0,0
BRDA:92,11,0,2
BRDA:113,12,0,2
BRDA:127,13,0,2
BRF:19
BRH:9
end_of_record
TN:
SF:src/database/scripts/insert-data.ts
FN:5,(anonymous_8)
FN:5,(anonymous_9)
FNF:2
FNH:0
FNDA:0,(anonymous_8)
FNDA:0,(anonymous_9)
DA:1,0
DA:2,0
DA:3,0
DA:5,0
DA:6,0
DA:7,0
DA:9,0
DA:18,0
DA:19,0
DA:21,0
DA:23,0
DA:27,0
LF:12
LH:0
BRF:0
BRH:0
end_of_record
TN:
SF:src/services/product.service.ts
FN:10,(anonymous_8)
FN:30,(anonymous_10)
FN:41,(anonymous_12)
FN:50,(anonymous_14)
FN:65,(anonymous_16)
FNF:5
FNH:5
FNDA:1,(anonymous_8)
FNDA:1,(anonymous_10)
FNDA:1,(anonymous_12)
FNDA:1,(anonymous_14)
FNDA:1,(anonymous_16)
DA:7,1
DA:9,1
DA:11,1
DA:12,1
DA:14,1
DA:21,1
DA:23,1
DA:25,0
DA:26,0
DA:33,1
DA:34,1
DA:35,1
DA:37,0
DA:42,1
DA:43,1
DA:44,1
DA:46,0
DA:54,1
DA:55,1
DA:59,1
DA:61,0
DA:66,1
DA:67,1
DA:69,0
DA:74,1
LF:25
LH:19
BRDA:17,0,0,0
BRDA:17,0,1,1
BRDA:18,1,0,0
BRDA:18,1,1,1
BRF:4
BRH:2
end_of_record
TN:
SF:src/services/types/multer-s3.d.ts
FNF:0
FNH:0
LF:0
LH:0
BRF:0
BRH:0
end_of_record
